<?xml version="1.0" encoding="UTF-8"?>
<!-- Generated by org.testng.reporters.JUnitXMLReporter -->
<testsuite ignored="0" hostname="DESKTOP-0N88LAP" failures="1" tests="5" name="Functional Testing" time="323.558" errors="0" timestamp="2021-04-10T10:05:07 IST">
  <testcase classname="com.qa.testscripts.TC_Amazon_001" name="searchItem" time="27.173"/>
  <testcase classname="com.qa.testscripts.TC_Amazon_001" name="searchItem" time="11.843"/>
  <testcase classname="com.qa.testscripts.TC_Amazon_001" name="searchItem" time="7.977"/>
  <testcase classname="com.qa.testscripts.TC_Amazon_002" name="AmazonCareers" time="66.006">
    <failure type="java.lang.AssertionError" message="expected [true] but found [false]">
      <![CDATA[java.lang.AssertionError: expected [true] but found [false]
at com.qa.testscripts.TC_Amazon_002.AmazonCareers(TC_Amazon_002.java:42)
at java.base/java.util.ArrayList.forEach(ArrayList.java:1511)
... Removed 31 stack frames]]>
    </failure>
  </testcase> <!-- AmazonCareers -->
  <testcase classname="com.qa.testscripts.TC_Amazon_003" name="AmazonRegister" time="12.433"/>
</testsuite> <!-- Functional Testing -->
