<?xml version="1.0" encoding="UTF-8"?>
<testng-results ignored="0" total="5" passed="4" failed="1" skipped="0">
  <reporter-output>
    <line>
      <![CDATA[Amazon.in : Da vinci code]]>
    </line>
    <line>
      <![CDATA[Amazon.in : Wooden Tables]]>
    </line>
    <line>
      <![CDATA[Amazon.in : Mobile phones]]>
    </line>
    <line>
      <![CDATA[Amazon Registration]]>
    </line>
  </reporter-output>
  <suite started-at="2021-04-10T09:59:43 IST" name="Test Automation" finished-at="2021-04-10T10:05:07 IST" duration-ms="323558">
    <groups>
    </groups>
    <test started-at="2021-04-10T09:59:43 IST" name="Functional Testing" finished-at="2021-04-10T10:05:07 IST" duration-ms="323558">
      <class name="com.qa.testscripts.TC_Amazon_001">
        <test-method is-config="true" signature="setUp(java.lang.String, java.lang.String)[pri:0, instance:com.qa.testscripts.TC_Amazon_001@702b8b12]" started-at="2021-04-10T09:59:44 IST" name="setUp" finished-at="2021-04-10T10:00:06 IST" duration-ms="22547" status="PASS">
          <params>
            <param index="0">
              <value>
                <![CDATA[Chrome]]>
              </value>
            </param>
            <param index="1">
              <value>
                <![CDATA[https://www.amazon.in/]]>
              </value>
            </param>
          </params>
          <reporter-output>
          </reporter-output>
        </test-method> <!-- setUp -->
        <test-method signature="searchItem(java.lang.String, java.lang.String)[pri:0, instance:com.qa.testscripts.TC_Amazon_001@702b8b12]" started-at="2021-04-10T10:00:12 IST" name="searchItem" data-provider="getData" finished-at="2021-04-10T10:00:39 IST" duration-ms="27173" status="PASS">
          <params>
            <param index="0">
              <value>
                <![CDATA[Books]]>
              </value>
            </param>
            <param index="1">
              <value>
                <![CDATA[Da vinci code]]>
              </value>
            </param>
          </params>
          <reporter-output>
            <line>
              <![CDATA[Amazon.in : Da vinci code]]>
            </line>
          </reporter-output>
        </test-method> <!-- searchItem -->
        <test-method signature="searchItem(java.lang.String, java.lang.String)[pri:0, instance:com.qa.testscripts.TC_Amazon_001@702b8b12]" started-at="2021-04-10T10:00:39 IST" name="searchItem" data-provider="getData" finished-at="2021-04-10T10:00:51 IST" duration-ms="11843" status="PASS">
          <params>
            <param index="0">
              <value>
                <![CDATA[Furniture]]>
              </value>
            </param>
            <param index="1">
              <value>
                <![CDATA[Wooden Tables]]>
              </value>
            </param>
          </params>
          <reporter-output>
            <line>
              <![CDATA[Amazon.in : Wooden Tables]]>
            </line>
          </reporter-output>
        </test-method> <!-- searchItem -->
        <test-method signature="searchItem(java.lang.String, java.lang.String)[pri:0, instance:com.qa.testscripts.TC_Amazon_001@702b8b12]" started-at="2021-04-10T10:00:51 IST" name="searchItem" data-provider="getData" finished-at="2021-04-10T10:00:59 IST" duration-ms="7977" status="PASS">
          <params>
            <param index="0">
              <value>
                <![CDATA[Electronics]]>
              </value>
            </param>
            <param index="1">
              <value>
                <![CDATA[Mobile phones]]>
              </value>
            </param>
          </params>
          <reporter-output>
            <line>
              <![CDATA[Amazon.in : Mobile phones]]>
            </line>
          </reporter-output>
        </test-method> <!-- searchItem -->
        <test-method is-config="true" signature="tearDown()[pri:0, instance:com.qa.testscripts.TC_Amazon_001@702b8b12]" started-at="2021-04-10T10:00:59 IST" name="tearDown" finished-at="2021-04-10T10:01:01 IST" duration-ms="2149" status="PASS">
          <reporter-output>
          </reporter-output>
        </test-method> <!-- tearDown -->
      </class> <!-- com.qa.testscripts.TC_Amazon_001 -->
      <class name="com.qa.testscripts.TC_Amazon_002">
        <test-method is-config="true" signature="setUp(java.lang.String, java.lang.String)[pri:0, instance:com.qa.testscripts.TC_Amazon_002@22e357dc]" started-at="2021-04-10T10:01:01 IST" name="setUp" finished-at="2021-04-10T10:01:33 IST" duration-ms="32068" status="PASS">
          <params>
            <param index="0">
              <value>
                <![CDATA[Chrome]]>
              </value>
            </param>
            <param index="1">
              <value>
                <![CDATA[https://www.amazon.in/]]>
              </value>
            </param>
          </params>
          <reporter-output>
          </reporter-output>
        </test-method> <!-- setUp -->
        <test-method signature="AmazonCareers()[pri:0, instance:com.qa.testscripts.TC_Amazon_002@22e357dc]" started-at="2021-04-10T10:01:33 IST" name="AmazonCareers" finished-at="2021-04-10T10:02:39 IST" duration-ms="66006" status="FAIL">
          <exception class="java.lang.AssertionError">
            <message>
              <![CDATA[expected [true] but found [false]]]>
            </message>
            <full-stacktrace>
              <![CDATA[java.lang.AssertionError: expected [true] but found [false]
at org.testng.Assert.fail(Assert.java:99)
at org.testng.Assert.failNotEquals(Assert.java:1037)
at org.testng.Assert.assertTrue(Assert.java:45)
at org.testng.Assert.assertTrue(Assert.java:55)
at com.qa.testscripts.TC_Amazon_002.AmazonCareers(TC_Amazon_002.java:42)
at java.base/jdk.internal.reflect.NativeMethodAccessorImpl.invoke0(Native Method)
at java.base/jdk.internal.reflect.NativeMethodAccessorImpl.invoke(NativeMethodAccessorImpl.java:64)
at java.base/jdk.internal.reflect.DelegatingMethodAccessorImpl.invoke(DelegatingMethodAccessorImpl.java:43)
at java.base/java.lang.reflect.Method.invoke(Method.java:564)
at org.testng.internal.MethodInvocationHelper.invokeMethod(MethodInvocationHelper.java:132)
at org.testng.internal.TestInvoker.invokeMethod(TestInvoker.java:599)
at org.testng.internal.TestInvoker.invokeTestMethod(TestInvoker.java:174)
at org.testng.internal.MethodRunner.runInSequence(MethodRunner.java:46)
at org.testng.internal.TestInvoker$MethodInvocationAgent.invoke(TestInvoker.java:822)
at org.testng.internal.TestInvoker.invokeTestMethods(TestInvoker.java:147)
at org.testng.internal.TestMethodWorker.invokeTestMethods(TestMethodWorker.java:146)
at org.testng.internal.TestMethodWorker.run(TestMethodWorker.java:128)
at java.base/java.util.ArrayList.forEach(ArrayList.java:1511)
at org.testng.TestRunner.privateRun(TestRunner.java:764)
at org.testng.TestRunner.run(TestRunner.java:585)
at org.testng.SuiteRunner.runTest(SuiteRunner.java:384)
at org.testng.SuiteRunner.runSequentially(SuiteRunner.java:378)
at org.testng.SuiteRunner.privateRun(SuiteRunner.java:337)
at org.testng.SuiteRunner.run(SuiteRunner.java:286)
at org.testng.SuiteRunnerWorker.runSuite(SuiteRunnerWorker.java:53)
at org.testng.SuiteRunnerWorker.run(SuiteRunnerWorker.java:96)
at org.testng.TestNG.runSuitesSequentially(TestNG.java:1218)
at org.testng.TestNG.runSuitesLocally(TestNG.java:1140)
at org.testng.TestNG.runSuites(TestNG.java:1069)
at org.testng.TestNG.run(TestNG.java:1037)
at org.testng.remote.AbstractRemoteTestNG.run(AbstractRemoteTestNG.java:115)
at org.testng.remote.RemoteTestNG.initAndRun(RemoteTestNG.java:251)
at org.testng.remote.RemoteTestNG.main(RemoteTestNG.java:77)
]]>
            </full-stacktrace>
          </exception> <!-- java.lang.AssertionError -->
          <reporter-output>
          </reporter-output>
        </test-method> <!-- AmazonCareers -->
        <test-method is-config="true" signature="tearDown()[pri:0, instance:com.qa.testscripts.TC_Amazon_002@22e357dc]" started-at="2021-04-10T10:02:40 IST" name="tearDown" finished-at="2021-04-10T10:02:41 IST" duration-ms="1594" status="PASS">
          <reporter-output>
          </reporter-output>
        </test-method> <!-- tearDown -->
      </class> <!-- com.qa.testscripts.TC_Amazon_002 -->
      <class name="com.qa.testscripts.TC_Amazon_003">
        <test-method is-config="true" signature="setUp(java.lang.String, java.lang.String)[pri:0, instance:com.qa.testscripts.TC_Amazon_003@49912c99]" started-at="2021-04-10T10:02:41 IST" name="setUp" finished-at="2021-04-10T10:04:53 IST" duration-ms="131338" status="PASS">
          <params>
            <param index="0">
              <value>
                <![CDATA[Chrome]]>
              </value>
            </param>
            <param index="1">
              <value>
                <![CDATA[https://www.amazon.in/]]>
              </value>
            </param>
          </params>
          <reporter-output>
          </reporter-output>
        </test-method> <!-- setUp -->
        <test-method signature="AmazonRegister()[pri:0, instance:com.qa.testscripts.TC_Amazon_003@49912c99]" started-at="2021-04-10T10:04:53 IST" name="AmazonRegister" finished-at="2021-04-10T10:05:05 IST" duration-ms="12433" status="PASS">
          <reporter-output>
            <line>
              <![CDATA[Amazon Registration]]>
            </line>
          </reporter-output>
        </test-method> <!-- AmazonRegister -->
        <test-method is-config="true" signature="tearDown()[pri:0, instance:com.qa.testscripts.TC_Amazon_003@49912c99]" started-at="2021-04-10T10:05:05 IST" name="tearDown" finished-at="2021-04-10T10:05:07 IST" duration-ms="1280" status="PASS">
          <reporter-output>
          </reporter-output>
        </test-method> <!-- tearDown -->
      </class> <!-- com.qa.testscripts.TC_Amazon_003 -->
    </test> <!-- Functional Testing -->
  </suite> <!-- Test Automation -->
</testng-results>
